<?xml version="1.0" encoding="UTF-8"?>
<!-- Generated by org.testng.reporters.JUnitXMLReporter -->
<testsuite hostname="marjanas-Air" ignored="20" name="Default test" tests="1" failures="1" timestamp="2022-10-07T19:01:35 EDT" time="7.954" errors="0">
  <testcase name="use_of_getTitle_method_with_assertion02" time="0.034" classname="pages.HomePageTest">
    <failure type="java.lang.AssertionError" message="Home Page Title doesn&amp;apos;t match ... expected [NYC Health + Hospitals] but found [NYC Health + Hospitals - public health care system in the US]">
      <![CDATA[java.lang.AssertionError: Home Page Title doesn't match ... expected [NYC Health + Hospitals] but found [NYC Health + Hospitals - public health care system in the US]
at org.testng.Assert.fail(Assert.java:110)
at org.testng.Assert.failNotEquals(Assert.java:1413)
at org.testng.Assert.assertEqualsImpl(Assert.java:149)
at org.testng.Assert.assertEquals(Assert.java:131)
at org.testng.Assert.assertEquals(Assert.java:655)
at pages.HomePageTest.use_of_getTitle_method_with_assertion02(HomePageTest.java:98)
at sun.reflect.NativeMethodAccessorImpl.invoke0(Native Method)
at sun.reflect.NativeMethodAccessorImpl.invoke(NativeMethodAccessorImpl.java:62)
at sun.reflect.DelegatingMethodAccessorImpl.invoke(DelegatingMethodAccessorImpl.java:43)
at java.lang.reflect.Method.invoke(Method.java:498)
at org.testng.internal.invokers.MethodInvocationHelper.invokeMethod(MethodInvocationHelper.java:135)
at org.testng.internal.invokers.TestInvoker.invokeMethod(TestInvoker.java:673)
at org.testng.internal.invokers.TestInvoker.invokeTestMethod(TestInvoker.java:220)
at org.testng.internal.invokers.MethodRunner.runInSequence(MethodRunner.java:50)
at org.testng.internal.invokers.TestInvoker$MethodInvocationAgent.invoke(TestInvoker.java:945)
at org.testng.internal.invokers.TestInvoker.invokeTestMethods(TestInvoker.java:193)
at org.testng.internal.invokers.TestMethodWorker.invokeTestMethods(TestMethodWorker.java:146)
at org.testng.internal.invokers.TestMethodWorker.run(TestMethodWorker.java:128)
at java.util.ArrayList.forEach(ArrayList.java:1259)
at org.testng.TestRunner.privateRun(TestRunner.java:808)
at org.testng.TestRunner.run(TestRunner.java:603)
at org.testng.SuiteRunner.runTest(SuiteRunner.java:429)
at org.testng.SuiteRunner.runSequentially(SuiteRunner.java:423)
at org.testng.SuiteRunner.privateRun(SuiteRunner.java:383)
at org.testng.SuiteRunner.run(SuiteRunner.java:326)
at org.testng.SuiteRunnerWorker.runSuite(SuiteRunnerWorker.java:52)
at org.testng.SuiteRunnerWorker.run(SuiteRunnerWorker.java:95)
at org.testng.TestNG.runSuitesSequentially(TestNG.java:1249)
at org.testng.TestNG.runSuitesLocally(TestNG.java:1169)
at org.testng.TestNG.runSuites(TestNG.java:1092)
at org.testng.TestNG.run(TestNG.java:1060)
at org.testng.remote.AbstractRemoteTestNG.run(AbstractRemoteTestNG.java:115)
at org.testng.remote.RemoteTestNG.initAndRun(RemoteTestNG.java:251)
at org.testng.remote.RemoteTestNG.main(RemoteTestNG.java:77)
]]>
    </failure>
  </testcase> <!-- use_of_getTitle_method_with_assertion02 -->
  <testcase name="location" time="0.0" classname="pages.HomePageTest">
    <ignored/>
  </testcase> <!-- location -->
  <testcase name="logoDisplayed03" time="0.0" classname="pages.HomePageTest">
    <ignored/>
  </testcase> <!-- logoDisplayed03 -->
  <testcase name="logoDisplayed02" time="0.0" classname="pages.HomePageTest">
    <ignored/>
  </testcase> <!-- logoDisplayed02 -->
  <testcase name="logoDisplayed04" time="0.0" classname="pages.HomePageTest">
    <ignored/>
  </testcase> <!-- logoDisplayed04 -->
  <testcase name="dropdown_selectByVisisbleText_method" time="0.0" classname="pages.HomePageTest">
    <ignored/>
  </testcase> <!-- dropdown_selectByVisisbleText_method -->
  <testcase name="use_of_getTitle_method_with_assertion01" time="0.0" classname="pages.HomePageTest">
    <ignored/>
  </testcase> <!-- use_of_getTitle_method_with_assertion01 -->
  <testcase name="setASpecificSizeOfWindow" time="0.0" classname="pages.HomePageTest">
    <ignored/>
  </testcase> <!-- setASpecificSizeOfWindow -->
  <testcase name="dropdown_selectByIndex_Method" time="0.0" classname="pages.HomePageTest">
    <ignored/>
  </testcase> <!-- dropdown_selectByIndex_Method -->
  <testcase name="getURL" time="0.0" classname="pages.HomePageTest">
    <ignored/>
  </testcase> <!-- getURL -->
  <testcase name="searchTool02" time="0.0" classname="pages.HomePageTest">
    <ignored/>
  </testcase> <!-- searchTool02 -->
  <testcase name="search" time="0.0" classname="pages.HomePageTest">
    <ignored/>
  </testcase> <!-- search -->
  <testcase name="showMenu" time="0.0" classname="pages.HomePageTest">
    <ignored/>
  </testcase> <!-- showMenu -->
  <testcase name="dropdown_selectByValue_method" time="0.0" classname="pages.HomePageTest">
    <ignored/>
  </testcase> <!-- dropdown_selectByValue_method -->
  <testcase name="navigate" time="0.0" classname="pages.HomePageTest">
    <ignored/>
  </testcase> <!-- navigate -->
  <testcase name="doctorName" time="0.0" classname="pages.HomePageTest">
    <ignored/>
  </testcase> <!-- doctorName -->
  <testcase name="getAttribute" time="0.0" classname="pages.HomePageTest">
    <ignored/>
  </testcase> <!-- getAttribute -->
  <testcase name="sendKeys" time="0.0" classname="pages.HomePageTest">
    <ignored/>
  </testcase> <!-- sendKeys -->
  <testcase name="logoDisplayed" time="0.0" classname="pages.HomePageTest">
    <ignored/>
  </testcase> <!-- logoDisplayed -->
  <testcase name="getTitle" time="0.0" classname="pages.HomePageTest">
    <ignored/>
  </testcase> <!-- getTitle -->
  <testcase name="mouseHoverAction" time="0.0" classname="pages.HomePageTest">
    <ignored/>
  </testcase> <!-- mouseHoverAction -->
</testsuite> <!-- Default test -->
